<?xml version="1.0" encoding="UTF-8"?>
<!-- Generated by org.testng.reporters.JUnitReportReporter -->
<testsuite hostname="Naveens-MacBook-Air.local" failures="0" tests="1" name="com.actitime.testscript.RegisterEmployee" time="13.931" errors="0" timestamp="2024-04-10T17:21:47 IST" skipped="0">
  <testcase classname="com.actitime.testscript.RegisterEmployee" name="RegisterEmployee" time="13.931"/>
  <system-out/>
</testsuite> <!-- com.actitime.testscript.RegisterEmployee -->
